<?xml version="1.0" encoding="utf-8"?>
<outputLog>
  <ApplicationId>026215c1-1b25-4618-82cd-cb86128cb572</ApplicationId>
  <FileLogs>
    <FileLog>
      <ProjectId>b236e223-2eb4-455e-b3c5-1960f7c91eae</ProjectId>
      <CorrelationId>Intent.Java.Maven.PomFile</CorrelationId>
      <OverwriteBehaviour>always</OverwriteBehaviour>
      <ApplicationRelativeFilePath>../../UserManagementSystem/pom.xml</ApplicationRelativeFilePath>
      <ProjectRelativeFilePath>pom.xml</ProjectRelativeFilePath>
      <IsIgnored>false</IsIgnored>
    </FileLog>
    <FileLog>
      <ProjectId>148de758-7c04-4dd1-aa5f-008dcba12723</ProjectId>
      <CorrelationId>Intent.Java.SpringBoot.Application</CorrelationId>
      <OverwriteBehaviour>always</OverwriteBehaviour>
      <ApplicationRelativeFilePath>../../UserManagementSystem/src/main/java/com/UserManagementSystem/UserManagementSystem/Application.java</ApplicationRelativeFilePath>
      <ProjectRelativeFilePath>Application.java</ProjectRelativeFilePath>
      <IsIgnored>false</IsIgnored>
    </FileLog>
    <FileLog>
      <ProjectId>de372a46-ec52-4f6b-9c38-14aa2adddfce</ProjectId>
      <CorrelationId>Intent.Java.ModelMapper.EntityToDtoMapping#e1c47fda-dc9e-4441-a91b-36c9499dd67d</CorrelationId>
      <OverwriteBehaviour>always</OverwriteBehaviour>
      <ApplicationRelativeFilePath>../../UserManagementSystem/src/main/java/com/UserManagementSystem/UserManagementSystem/application/mappings/Addresses/AddressToAddressCreateDtoMapping.java</ApplicationRelativeFilePath>
      <ProjectRelativeFilePath>Addresses/AddressToAddressCreateDtoMapping.java</ProjectRelativeFilePath>
      <IsIgnored>false</IsIgnored>
    </FileLog>
    <FileLog>
      <ProjectId>de372a46-ec52-4f6b-9c38-14aa2adddfce</ProjectId>
      <CorrelationId>Intent.Java.ModelMapper.EntityToDtoMapping#fabc8dd2-6a53-4bc5-9e85-f1d5eb9b4f6e</CorrelationId>
      <OverwriteBehaviour>always</OverwriteBehaviour>
      <ApplicationRelativeFilePath>../../UserManagementSystem/src/main/java/com/UserManagementSystem/UserManagementSystem/application/mappings/Addresses/AddressToAddressDtoMapping.java</ApplicationRelativeFilePath>
      <ProjectRelativeFilePath>Addresses/AddressToAddressDtoMapping.java</ProjectRelativeFilePath>
      <IsIgnored>false</IsIgnored>
    </FileLog>
    <FileLog>
      <ProjectId>de372a46-ec52-4f6b-9c38-14aa2adddfce</ProjectId>
      <CorrelationId>Intent.Java.ModelMapper.EntityToDtoMapping#2b84b800-ea2c-433e-be9d-495fe8cd72d3</CorrelationId>
      <OverwriteBehaviour>always</OverwriteBehaviour>
      <ApplicationRelativeFilePath>../../UserManagementSystem/src/main/java/com/UserManagementSystem/UserManagementSystem/application/mappings/Addresses/AddressToAddressUpdateDtoMapping.java</ApplicationRelativeFilePath>
      <ProjectRelativeFilePath>Addresses/AddressToAddressUpdateDtoMapping.java</ProjectRelativeFilePath>
      <IsIgnored>false</IsIgnored>
    </FileLog>
    <FileLog>
      <ProjectId>de372a46-ec52-4f6b-9c38-14aa2adddfce</ProjectId>
      <CorrelationId>Intent.Java.ModelMapper.EntityToDtoMapping#e4f6fd94-9144-4660-ac06-e4ee9d365732</CorrelationId>
      <OverwriteBehaviour>always</OverwriteBehaviour>
      <ApplicationRelativeFilePath>../../UserManagementSystem/src/main/java/com/UserManagementSystem/UserManagementSystem/application/mappings/UserAccounts/UserAccountToUserAccountCreateDtoMapping.java</ApplicationRelativeFilePath>
      <ProjectRelativeFilePath>UserAccounts/UserAccountToUserAccountCreateDtoMapping.java</ProjectRelativeFilePath>
      <IsIgnored>false</IsIgnored>
    </FileLog>
    <FileLog>
      <ProjectId>de372a46-ec52-4f6b-9c38-14aa2adddfce</ProjectId>
      <CorrelationId>Intent.Java.ModelMapper.EntityToDtoMapping#26bb4e32-1541-4fec-b00e-c0b840d943c6</CorrelationId>
      <OverwriteBehaviour>always</OverwriteBehaviour>
      <ApplicationRelativeFilePath>../../UserManagementSystem/src/main/java/com/UserManagementSystem/UserManagementSystem/application/mappings/UserAccounts/UserAccountToUserAccountDtoMapping.java</ApplicationRelativeFilePath>
      <ProjectRelativeFilePath>UserAccounts/UserAccountToUserAccountDtoMapping.java</ProjectRelativeFilePath>
      <IsIgnored>false</IsIgnored>
    </FileLog>
    <FileLog>
      <ProjectId>de372a46-ec52-4f6b-9c38-14aa2adddfce</ProjectId>
      <CorrelationId>Intent.Java.ModelMapper.EntityToDtoMapping#9a9c16bb-03f9-45f9-b638-f85bc3aacee8</CorrelationId>
      <OverwriteBehaviour>always</OverwriteBehaviour>
      <ApplicationRelativeFilePath>../../UserManagementSystem/src/main/java/com/UserManagementSystem/UserManagementSystem/application/mappings/UserAccounts/UserAccountToUserAccountUpdateDtoMapping.java</ApplicationRelativeFilePath>
      <ProjectRelativeFilePath>UserAccounts/UserAccountToUserAccountUpdateDtoMapping.java</ProjectRelativeFilePath>
      <IsIgnored>false</IsIgnored>
    </FileLog>
    <FileLog>
      <ProjectId>de372a46-ec52-4f6b-9c38-14aa2adddfce</ProjectId>
      <CorrelationId>Intent.Java.ModelMapper.EntityToDtoMapping#d933f8ff-319b-4c90-90f3-5c142b20c453</CorrelationId>
      <OverwriteBehaviour>always</OverwriteBehaviour>
      <ApplicationRelativeFilePath>../../UserManagementSystem/src/main/java/com/UserManagementSystem/UserManagementSystem/application/mappings/UserGroups/UserGroupToUserGroupCreateDtoMapping.java</ApplicationRelativeFilePath>
      <ProjectRelativeFilePath>UserGroups/UserGroupToUserGroupCreateDtoMapping.java</ProjectRelativeFilePath>
      <IsIgnored>false</IsIgnored>
    </FileLog>
    <FileLog>
      <ProjectId>de372a46-ec52-4f6b-9c38-14aa2adddfce</ProjectId>
      <CorrelationId>Intent.Java.ModelMapper.EntityToDtoMapping#b31ce06e-a843-4d59-a5bd-06338b390db7</CorrelationId>
      <OverwriteBehaviour>always</OverwriteBehaviour>
      <ApplicationRelativeFilePath>../../UserManagementSystem/src/main/java/com/UserManagementSystem/UserManagementSystem/application/mappings/UserGroups/UserGroupToUserGroupDtoMapping.java</ApplicationRelativeFilePath>
      <ProjectRelativeFilePath>UserGroups/UserGroupToUserGroupDtoMapping.java</ProjectRelativeFilePath>
      <IsIgnored>false</IsIgnored>
    </FileLog>
    <FileLog>
      <ProjectId>de372a46-ec52-4f6b-9c38-14aa2adddfce</ProjectId>
      <CorrelationId>Intent.Java.ModelMapper.EntityToDtoMapping#e4a26bf0-72a4-47d2-8058-10580ed440de</CorrelationId>
      <OverwriteBehaviour>always</OverwriteBehaviour>
      <ApplicationRelativeFilePath>../../UserManagementSystem/src/main/java/com/UserManagementSystem/UserManagementSystem/application/mappings/UserGroups/UserGroupToUserGroupUpdateDtoMapping.java</ApplicationRelativeFilePath>
      <ProjectRelativeFilePath>UserGroups/UserGroupToUserGroupUpdateDtoMapping.java</ProjectRelativeFilePath>
      <IsIgnored>false</IsIgnored>
    </FileLog>
    <FileLog>
      <ProjectId>27f6b75e-0e95-4a83-8e42-68f00bd859a1</ProjectId>
      <CorrelationId>Intent.Java.Services.DataTransferModel#e1c47fda-dc9e-4441-a91b-36c9499dd67d</CorrelationId>
      <OverwriteBehaviour>always</OverwriteBehaviour>
      <ApplicationRelativeFilePath>../../UserManagementSystem/src/main/java/com/UserManagementSystem/UserManagementSystem/application/models/Addresses/AddressCreateDto.java</ApplicationRelativeFilePath>
      <ProjectRelativeFilePath>Addresses/AddressCreateDto.java</ProjectRelativeFilePath>
      <IsIgnored>false</IsIgnored>
    </FileLog>
    <FileLog>
      <ProjectId>27f6b75e-0e95-4a83-8e42-68f00bd859a1</ProjectId>
      <CorrelationId>Intent.Java.Services.DataTransferModel#fabc8dd2-6a53-4bc5-9e85-f1d5eb9b4f6e</CorrelationId>
      <OverwriteBehaviour>always</OverwriteBehaviour>
      <ApplicationRelativeFilePath>../../UserManagementSystem/src/main/java/com/UserManagementSystem/UserManagementSystem/application/models/Addresses/AddressDto.java</ApplicationRelativeFilePath>
      <ProjectRelativeFilePath>Addresses/AddressDto.java</ProjectRelativeFilePath>
      <IsIgnored>false</IsIgnored>
    </FileLog>
    <FileLog>
      <ProjectId>27f6b75e-0e95-4a83-8e42-68f00bd859a1</ProjectId>
      <CorrelationId>Intent.Java.Services.DataTransferModel#2b84b800-ea2c-433e-be9d-495fe8cd72d3</CorrelationId>
      <OverwriteBehaviour>always</OverwriteBehaviour>
      <ApplicationRelativeFilePath>../../UserManagementSystem/src/main/java/com/UserManagementSystem/UserManagementSystem/application/models/Addresses/AddressUpdateDto.java</ApplicationRelativeFilePath>
      <ProjectRelativeFilePath>Addresses/AddressUpdateDto.java</ProjectRelativeFilePath>
      <IsIgnored>false</IsIgnored>
    </FileLog>
    <FileLog>
      <ProjectId>27f6b75e-0e95-4a83-8e42-68f00bd859a1</ProjectId>
      <CorrelationId>Intent.Java.Services.DataTransferModel#e4f6fd94-9144-4660-ac06-e4ee9d365732</CorrelationId>
      <OverwriteBehaviour>always</OverwriteBehaviour>
      <ApplicationRelativeFilePath>../../UserManagementSystem/src/main/java/com/UserManagementSystem/UserManagementSystem/application/models/UserAccounts/UserAccountCreateDto.java</ApplicationRelativeFilePath>
      <ProjectRelativeFilePath>UserAccounts/UserAccountCreateDto.java</ProjectRelativeFilePath>
      <IsIgnored>false</IsIgnored>
    </FileLog>
    <FileLog>
      <ProjectId>27f6b75e-0e95-4a83-8e42-68f00bd859a1</ProjectId>
      <CorrelationId>Intent.Java.Services.DataTransferModel#26bb4e32-1541-4fec-b00e-c0b840d943c6</CorrelationId>
      <OverwriteBehaviour>always</OverwriteBehaviour>
      <ApplicationRelativeFilePath>../../UserManagementSystem/src/main/java/com/UserManagementSystem/UserManagementSystem/application/models/UserAccounts/UserAccountDto.java</ApplicationRelativeFilePath>
      <ProjectRelativeFilePath>UserAccounts/UserAccountDto.java</ProjectRelativeFilePath>
      <IsIgnored>false</IsIgnored>
    </FileLog>
    <FileLog>
      <ProjectId>27f6b75e-0e95-4a83-8e42-68f00bd859a1</ProjectId>
      <CorrelationId>Intent.Java.Services.DataTransferModel#9a9c16bb-03f9-45f9-b638-f85bc3aacee8</CorrelationId>
      <OverwriteBehaviour>always</OverwriteBehaviour>
      <ApplicationRelativeFilePath>../../UserManagementSystem/src/main/java/com/UserManagementSystem/UserManagementSystem/application/models/UserAccounts/UserAccountUpdateDto.java</ApplicationRelativeFilePath>
      <ProjectRelativeFilePath>UserAccounts/UserAccountUpdateDto.java</ProjectRelativeFilePath>
      <IsIgnored>false</IsIgnored>
    </FileLog>
    <FileLog>
      <ProjectId>27f6b75e-0e95-4a83-8e42-68f00bd859a1</ProjectId>
      <CorrelationId>Intent.Java.Services.DataTransferModel#d933f8ff-319b-4c90-90f3-5c142b20c453</CorrelationId>
      <OverwriteBehaviour>always</OverwriteBehaviour>
      <ApplicationRelativeFilePath>../../UserManagementSystem/src/main/java/com/UserManagementSystem/UserManagementSystem/application/models/UserGroups/UserGroupCreateDto.java</ApplicationRelativeFilePath>
      <ProjectRelativeFilePath>UserGroups/UserGroupCreateDto.java</ProjectRelativeFilePath>
      <IsIgnored>false</IsIgnored>
    </FileLog>
    <FileLog>
      <ProjectId>27f6b75e-0e95-4a83-8e42-68f00bd859a1</ProjectId>
      <CorrelationId>Intent.Java.Services.DataTransferModel#b31ce06e-a843-4d59-a5bd-06338b390db7</CorrelationId>
      <OverwriteBehaviour>always</OverwriteBehaviour>
      <ApplicationRelativeFilePath>../../UserManagementSystem/src/main/java/com/UserManagementSystem/UserManagementSystem/application/models/UserGroups/UserGroupDto.java</ApplicationRelativeFilePath>
      <ProjectRelativeFilePath>UserGroups/UserGroupDto.java</ProjectRelativeFilePath>
      <IsIgnored>false</IsIgnored>
    </FileLog>
    <FileLog>
      <ProjectId>27f6b75e-0e95-4a83-8e42-68f00bd859a1</ProjectId>
      <CorrelationId>Intent.Java.Services.DataTransferModel#e4a26bf0-72a4-47d2-8058-10580ed440de</CorrelationId>
      <OverwriteBehaviour>always</OverwriteBehaviour>
      <ApplicationRelativeFilePath>../../UserManagementSystem/src/main/java/com/UserManagementSystem/UserManagementSystem/application/models/UserGroups/UserGroupUpdateDto.java</ApplicationRelativeFilePath>
      <ProjectRelativeFilePath>UserGroups/UserGroupUpdateDto.java</ProjectRelativeFilePath>
      <IsIgnored>false</IsIgnored>
    </FileLog>
    <FileLog>
      <ProjectId>e89c8106-0afa-434e-ab0b-cae25495f3d4</ProjectId>
      <CorrelationId>Intent.Java.SpringBoot.RestController#129515c0-1fb4-49ef-aab3-0d0bfda425ab</CorrelationId>
      <OverwriteBehaviour>always</OverwriteBehaviour>
      <ApplicationRelativeFilePath>../../UserManagementSystem/src/main/java/com/UserManagementSystem/UserManagementSystem/application/rest/AddressController.java</ApplicationRelativeFilePath>
      <ProjectRelativeFilePath>AddressController.java</ProjectRelativeFilePath>
      <IsIgnored>false</IsIgnored>
    </FileLog>
    <FileLog>
      <ProjectId>e89c8106-0afa-434e-ab0b-cae25495f3d4</ProjectId>
      <CorrelationId>Intent.Java.SpringBoot.Validation.RestResponseEntityExceptionHandler</CorrelationId>
      <OverwriteBehaviour>always</OverwriteBehaviour>
      <ApplicationRelativeFilePath>../../UserManagementSystem/src/main/java/com/UserManagementSystem/UserManagementSystem/application/rest/RestResponseEntityExceptionHandler.java</ApplicationRelativeFilePath>
      <ProjectRelativeFilePath>RestResponseEntityExceptionHandler.java</ProjectRelativeFilePath>
      <IsIgnored>false</IsIgnored>
    </FileLog>
    <FileLog>
      <ProjectId>e89c8106-0afa-434e-ab0b-cae25495f3d4</ProjectId>
      <CorrelationId>Intent.Java.SpringBoot.RestController#5ada1f7c-4097-43f5-b840-0eea9dc99355</CorrelationId>
      <OverwriteBehaviour>always</OverwriteBehaviour>
      <ApplicationRelativeFilePath>../../UserManagementSystem/src/main/java/com/UserManagementSystem/UserManagementSystem/application/rest/UserAccountController.java</ApplicationRelativeFilePath>
      <ProjectRelativeFilePath>UserAccountController.java</ProjectRelativeFilePath>
      <IsIgnored>false</IsIgnored>
    </FileLog>
    <FileLog>
      <ProjectId>e89c8106-0afa-434e-ab0b-cae25495f3d4</ProjectId>
      <CorrelationId>Intent.Java.SpringBoot.RestController#0c7cbb3c-949d-4181-a3ab-11f25dfe6ab5</CorrelationId>
      <OverwriteBehaviour>always</OverwriteBehaviour>
      <ApplicationRelativeFilePath>../../UserManagementSystem/src/main/java/com/UserManagementSystem/UserManagementSystem/application/rest/UserGroupController.java</ApplicationRelativeFilePath>
      <ProjectRelativeFilePath>UserGroupController.java</ProjectRelativeFilePath>
      <IsIgnored>false</IsIgnored>
    </FileLog>
    <FileLog>
      <ProjectId>017c227d-8e89-4086-99c8-4db58646b665</ProjectId>
      <CorrelationId>Intent.Java.Services.ServiceInterface#129515c0-1fb4-49ef-aab3-0d0bfda425ab</CorrelationId>
      <OverwriteBehaviour>always</OverwriteBehaviour>
      <ApplicationRelativeFilePath>../../UserManagementSystem/src/main/java/com/UserManagementSystem/UserManagementSystem/application/services/AddressService.java</ApplicationRelativeFilePath>
      <ProjectRelativeFilePath>AddressService.java</ProjectRelativeFilePath>
      <IsIgnored>false</IsIgnored>
    </FileLog>
    <FileLog>
      <ProjectId>c61708e8-b320-4ffe-9c31-685912b94092</ProjectId>
      <CorrelationId>Intent.Java.Services.ServiceImplementation#129515c0-1fb4-49ef-aab3-0d0bfda425ab</CorrelationId>
      <OverwriteBehaviour>always</OverwriteBehaviour>
      <ApplicationRelativeFilePath>../../UserManagementSystem/src/main/java/com/UserManagementSystem/UserManagementSystem/application/services/impl/AddressServiceImpl.java</ApplicationRelativeFilePath>
      <ProjectRelativeFilePath>AddressServiceImpl.java</ProjectRelativeFilePath>
      <IsIgnored>false</IsIgnored>
    </FileLog>
    <FileLog>
      <ProjectId>c61708e8-b320-4ffe-9c31-685912b94092</ProjectId>
      <CorrelationId>Intent.Java.Services.ServiceImplementation#5ada1f7c-4097-43f5-b840-0eea9dc99355</CorrelationId>
      <OverwriteBehaviour>always</OverwriteBehaviour>
      <ApplicationRelativeFilePath>../../UserManagementSystem/src/main/java/com/UserManagementSystem/UserManagementSystem/application/services/impl/UserAccountServiceImpl.java</ApplicationRelativeFilePath>
      <ProjectRelativeFilePath>UserAccountServiceImpl.java</ProjectRelativeFilePath>
      <IsIgnored>false</IsIgnored>
    </FileLog>
    <FileLog>
      <ProjectId>c61708e8-b320-4ffe-9c31-685912b94092</ProjectId>
      <CorrelationId>Intent.Java.Services.ServiceImplementation#0c7cbb3c-949d-4181-a3ab-11f25dfe6ab5</CorrelationId>
      <OverwriteBehaviour>always</OverwriteBehaviour>
      <ApplicationRelativeFilePath>../../UserManagementSystem/src/main/java/com/UserManagementSystem/UserManagementSystem/application/services/impl/UserGroupServiceImpl.java</ApplicationRelativeFilePath>
      <ProjectRelativeFilePath>UserGroupServiceImpl.java</ProjectRelativeFilePath>
      <IsIgnored>false</IsIgnored>
    </FileLog>
    <FileLog>
      <ProjectId>017c227d-8e89-4086-99c8-4db58646b665</ProjectId>
      <CorrelationId>Intent.Java.Services.ServiceInterface#5ada1f7c-4097-43f5-b840-0eea9dc99355</CorrelationId>
      <OverwriteBehaviour>always</OverwriteBehaviour>
      <ApplicationRelativeFilePath>../../UserManagementSystem/src/main/java/com/UserManagementSystem/UserManagementSystem/application/services/UserAccountService.java</ApplicationRelativeFilePath>
      <ProjectRelativeFilePath>UserAccountService.java</ProjectRelativeFilePath>
      <IsIgnored>false</IsIgnored>
    </FileLog>
    <FileLog>
      <ProjectId>017c227d-8e89-4086-99c8-4db58646b665</ProjectId>
      <CorrelationId>Intent.Java.Services.ServiceInterface#0c7cbb3c-949d-4181-a3ab-11f25dfe6ab5</CorrelationId>
      <OverwriteBehaviour>always</OverwriteBehaviour>
      <ApplicationRelativeFilePath>../../UserManagementSystem/src/main/java/com/UserManagementSystem/UserManagementSystem/application/services/UserGroupService.java</ApplicationRelativeFilePath>
      <ProjectRelativeFilePath>UserGroupService.java</ProjectRelativeFilePath>
      <IsIgnored>false</IsIgnored>
    </FileLog>
    <FileLog>
      <ProjectId>dea197fe-79e3-4013-8a19-1bef1c8d2343</ProjectId>
      <CorrelationId>Intent.Java.ModelMapper.ModelMapperBean</CorrelationId>
      <OverwriteBehaviour>always</OverwriteBehaviour>
      <ApplicationRelativeFilePath>../../UserManagementSystem/src/main/java/com/UserManagementSystem/UserManagementSystem/configuration/ModelMapperBean.java</ApplicationRelativeFilePath>
      <ProjectRelativeFilePath>ModelMapperBean.java</ProjectRelativeFilePath>
      <IsIgnored>false</IsIgnored>
    </FileLog>
    <FileLog>
      <ProjectId>af9faff1-d3bc-4ae9-a245-48134c520371</ProjectId>
      <CorrelationId>Intent.Java.Spring.Data.Repositories.EntityRepository#cd8fb5f2-39c6-4da5-a40e-4f311f877cbc</CorrelationId>
      <OverwriteBehaviour>always</OverwriteBehaviour>
      <ApplicationRelativeFilePath>../../UserManagementSystem/src/main/java/com/UserManagementSystem/UserManagementSystem/data/AddressRepository.java</ApplicationRelativeFilePath>
      <ProjectRelativeFilePath>AddressRepository.java</ProjectRelativeFilePath>
      <IsIgnored>false</IsIgnored>
    </FileLog>
    <FileLog>
      <ProjectId>af9faff1-d3bc-4ae9-a245-48134c520371</ProjectId>
      <CorrelationId>Intent.Java.Spring.Data.Repositories.EntityRepository#71981ccf-787f-499d-8fd4-d58a893fb795</CorrelationId>
      <OverwriteBehaviour>always</OverwriteBehaviour>
      <ApplicationRelativeFilePath>../../UserManagementSystem/src/main/java/com/UserManagementSystem/UserManagementSystem/data/ProductRepository.java</ApplicationRelativeFilePath>
      <ProjectRelativeFilePath>ProductRepository.java</ProjectRelativeFilePath>
      <IsIgnored>false</IsIgnored>
    </FileLog>
    <FileLog>
      <ProjectId>af9faff1-d3bc-4ae9-a245-48134c520371</ProjectId>
      <CorrelationId>Intent.Java.Spring.Data.Repositories.EntityRepository#8e30f0ea-8996-43f1-b569-a95a02f51191</CorrelationId>
      <OverwriteBehaviour>always</OverwriteBehaviour>
      <ApplicationRelativeFilePath>../../UserManagementSystem/src/main/java/com/UserManagementSystem/UserManagementSystem/data/UserAccountRepository.java</ApplicationRelativeFilePath>
      <ProjectRelativeFilePath>UserAccountRepository.java</ProjectRelativeFilePath>
      <IsIgnored>false</IsIgnored>
    </FileLog>
    <FileLog>
      <ProjectId>af9faff1-d3bc-4ae9-a245-48134c520371</ProjectId>
      <CorrelationId>Intent.Java.Spring.Data.Repositories.EntityRepository#5f54ec1a-01ac-4b7a-a186-2370ee07fc51</CorrelationId>
      <OverwriteBehaviour>always</OverwriteBehaviour>
      <ApplicationRelativeFilePath>../../UserManagementSystem/src/main/java/com/UserManagementSystem/UserManagementSystem/data/UserDetailsRepository.java</ApplicationRelativeFilePath>
      <ProjectRelativeFilePath>UserDetailsRepository.java</ProjectRelativeFilePath>
      <IsIgnored>false</IsIgnored>
    </FileLog>
    <FileLog>
      <ProjectId>af9faff1-d3bc-4ae9-a245-48134c520371</ProjectId>
      <CorrelationId>Intent.Java.Spring.Data.Repositories.EntityRepository#64772e87-123b-4921-9846-cbc2da5e17cc</CorrelationId>
      <OverwriteBehaviour>always</OverwriteBehaviour>
      <ApplicationRelativeFilePath>../../UserManagementSystem/src/main/java/com/UserManagementSystem/UserManagementSystem/data/UserGroupRepository.java</ApplicationRelativeFilePath>
      <ProjectRelativeFilePath>UserGroupRepository.java</ProjectRelativeFilePath>
      <IsIgnored>false</IsIgnored>
    </FileLog>
    <FileLog>
      <ProjectId>d73cc9f3-12bb-4643-8ac0-ea3e3ec9c28b</ProjectId>
      <CorrelationId>Intent.Java.Domain.DomainModel#cd8fb5f2-39c6-4da5-a40e-4f311f877cbc</CorrelationId>
      <OverwriteBehaviour>always</OverwriteBehaviour>
      <ApplicationRelativeFilePath>../../UserManagementSystem/src/main/java/com/UserManagementSystem/UserManagementSystem/domain/models/Address.java</ApplicationRelativeFilePath>
      <ProjectRelativeFilePath>Address.java</ProjectRelativeFilePath>
      <IsIgnored>false</IsIgnored>
    </FileLog>
    <FileLog>
      <ProjectId>d73cc9f3-12bb-4643-8ac0-ea3e3ec9c28b</ProjectId>
      <CorrelationId>Intent.Java.Domain.DomainModel#71981ccf-787f-499d-8fd4-d58a893fb795</CorrelationId>
      <OverwriteBehaviour>always</OverwriteBehaviour>
      <ApplicationRelativeFilePath>../../UserManagementSystem/src/main/java/com/UserManagementSystem/UserManagementSystem/domain/models/Product.java</ApplicationRelativeFilePath>
      <ProjectRelativeFilePath>Product.java</ProjectRelativeFilePath>
      <IsIgnored>false</IsIgnored>
    </FileLog>
    <FileLog>
      <ProjectId>d73cc9f3-12bb-4643-8ac0-ea3e3ec9c28b</ProjectId>
      <CorrelationId>Intent.Java.Domain.DomainModel#8e30f0ea-8996-43f1-b569-a95a02f51191</CorrelationId>
      <OverwriteBehaviour>always</OverwriteBehaviour>
      <ApplicationRelativeFilePath>../../UserManagementSystem/src/main/java/com/UserManagementSystem/UserManagementSystem/domain/models/UserAccount.java</ApplicationRelativeFilePath>
      <ProjectRelativeFilePath>UserAccount.java</ProjectRelativeFilePath>
      <IsIgnored>false</IsIgnored>
    </FileLog>
    <FileLog>
      <ProjectId>d73cc9f3-12bb-4643-8ac0-ea3e3ec9c28b</ProjectId>
      <CorrelationId>Intent.Java.Domain.DomainModel#5f54ec1a-01ac-4b7a-a186-2370ee07fc51</CorrelationId>
      <OverwriteBehaviour>always</OverwriteBehaviour>
      <ApplicationRelativeFilePath>../../UserManagementSystem/src/main/java/com/UserManagementSystem/UserManagementSystem/domain/models/UserDetails.java</ApplicationRelativeFilePath>
      <ProjectRelativeFilePath>UserDetails.java</ProjectRelativeFilePath>
      <IsIgnored>false</IsIgnored>
    </FileLog>
    <FileLog>
      <ProjectId>d73cc9f3-12bb-4643-8ac0-ea3e3ec9c28b</ProjectId>
      <CorrelationId>Intent.Java.Domain.DomainModel#64772e87-123b-4921-9846-cbc2da5e17cc</CorrelationId>
      <OverwriteBehaviour>always</OverwriteBehaviour>
      <ApplicationRelativeFilePath>../../UserManagementSystem/src/main/java/com/UserManagementSystem/UserManagementSystem/domain/models/UserGroup.java</ApplicationRelativeFilePath>
      <ProjectRelativeFilePath>UserGroup.java</ProjectRelativeFilePath>
      <IsIgnored>false</IsIgnored>
    </FileLog>
    <FileLog>
      <ProjectId>6b49d477-79fd-47fb-953e-be9551dfa054</ProjectId>
      <CorrelationId>Intent.Java.Weaving.Annotations.IntentCanAdd</CorrelationId>
      <OverwriteBehaviour>always</OverwriteBehaviour>
      <ApplicationRelativeFilePath>../../UserManagementSystem/src/main/java/com/UserManagementSystem/UserManagementSystem/intent/IntentCanAdd.java</ApplicationRelativeFilePath>
      <ProjectRelativeFilePath>IntentCanAdd.java</ProjectRelativeFilePath>
      <IsIgnored>false</IsIgnored>
    </FileLog>
    <FileLog>
      <ProjectId>6b49d477-79fd-47fb-953e-be9551dfa054</ProjectId>
      <CorrelationId>Intent.Java.Weaving.Annotations.IntentCanRemove</CorrelationId>
      <OverwriteBehaviour>always</OverwriteBehaviour>
      <ApplicationRelativeFilePath>../../UserManagementSystem/src/main/java/com/UserManagementSystem/UserManagementSystem/intent/IntentCanRemove.java</ApplicationRelativeFilePath>
      <ProjectRelativeFilePath>IntentCanRemove.java</ProjectRelativeFilePath>
      <IsIgnored>false</IsIgnored>
    </FileLog>
    <FileLog>
      <ProjectId>6b49d477-79fd-47fb-953e-be9551dfa054</ProjectId>
      <CorrelationId>Intent.Java.Weaving.Annotations.IntentCanUpdate</CorrelationId>
      <OverwriteBehaviour>always</OverwriteBehaviour>
      <ApplicationRelativeFilePath>../../UserManagementSystem/src/main/java/com/UserManagementSystem/UserManagementSystem/intent/IntentCanUpdate.java</ApplicationRelativeFilePath>
      <ProjectRelativeFilePath>IntentCanUpdate.java</ProjectRelativeFilePath>
      <IsIgnored>false</IsIgnored>
    </FileLog>
    <FileLog>
      <ProjectId>6b49d477-79fd-47fb-953e-be9551dfa054</ProjectId>
      <CorrelationId>Intent.Java.Weaving.Annotations.IntentIgnore</CorrelationId>
      <OverwriteBehaviour>always</OverwriteBehaviour>
      <ApplicationRelativeFilePath>../../UserManagementSystem/src/main/java/com/UserManagementSystem/UserManagementSystem/intent/IntentIgnore.java</ApplicationRelativeFilePath>
      <ProjectRelativeFilePath>IntentIgnore.java</ProjectRelativeFilePath>
      <IsIgnored>false</IsIgnored>
    </FileLog>
    <FileLog>
      <ProjectId>6b49d477-79fd-47fb-953e-be9551dfa054</ProjectId>
      <CorrelationId>Intent.Java.Weaving.Annotations.IntentIgnoreBody</CorrelationId>
      <OverwriteBehaviour>always</OverwriteBehaviour>
      <ApplicationRelativeFilePath>../../UserManagementSystem/src/main/java/com/UserManagementSystem/UserManagementSystem/intent/IntentIgnoreBody.java</ApplicationRelativeFilePath>
      <ProjectRelativeFilePath>IntentIgnoreBody.java</ProjectRelativeFilePath>
      <IsIgnored>false</IsIgnored>
    </FileLog>
    <FileLog>
      <ProjectId>6b49d477-79fd-47fb-953e-be9551dfa054</ProjectId>
      <CorrelationId>Intent.Java.Weaving.Annotations.IntentManage</CorrelationId>
      <OverwriteBehaviour>always</OverwriteBehaviour>
      <ApplicationRelativeFilePath>../../UserManagementSystem/src/main/java/com/UserManagementSystem/UserManagementSystem/intent/IntentManage.java</ApplicationRelativeFilePath>
      <ProjectRelativeFilePath>IntentManage.java</ProjectRelativeFilePath>
      <IsIgnored>false</IsIgnored>
    </FileLog>
    <FileLog>
      <ProjectId>6b49d477-79fd-47fb-953e-be9551dfa054</ProjectId>
      <CorrelationId>Intent.Java.Weaving.Annotations.IntentManageClass</CorrelationId>
      <OverwriteBehaviour>always</OverwriteBehaviour>
      <ApplicationRelativeFilePath>../../UserManagementSystem/src/main/java/com/UserManagementSystem/UserManagementSystem/intent/IntentManageClass.java</ApplicationRelativeFilePath>
      <ProjectRelativeFilePath>IntentManageClass.java</ProjectRelativeFilePath>
      <IsIgnored>false</IsIgnored>
    </FileLog>
    <FileLog>
      <ProjectId>6b49d477-79fd-47fb-953e-be9551dfa054</ProjectId>
      <CorrelationId>Intent.Java.Weaving.Annotations.IntentMerge</CorrelationId>
      <OverwriteBehaviour>always</OverwriteBehaviour>
      <ApplicationRelativeFilePath>../../UserManagementSystem/src/main/java/com/UserManagementSystem/UserManagementSystem/intent/IntentMerge.java</ApplicationRelativeFilePath>
      <ProjectRelativeFilePath>IntentMerge.java</ProjectRelativeFilePath>
      <IsIgnored>false</IsIgnored>
    </FileLog>
    <FileLog>
      <ProjectId>6b49d477-79fd-47fb-953e-be9551dfa054</ProjectId>
      <CorrelationId>Intent.Java.Weaving.Annotations.ModeEnum</CorrelationId>
      <OverwriteBehaviour>always</OverwriteBehaviour>
      <ApplicationRelativeFilePath>../../UserManagementSystem/src/main/java/com/UserManagementSystem/UserManagementSystem/intent/Mode.java</ApplicationRelativeFilePath>
      <ProjectRelativeFilePath>Mode.java</ProjectRelativeFilePath>
      <IsIgnored>false</IsIgnored>
    </FileLog>
    <FileLog>
      <ProjectId>4adc81c3-106e-47b1-9c09-200badbaf15a</ProjectId>
      <CorrelationId>Intent.Java.SpringBoot.ApplicationProperties</CorrelationId>
      <OverwriteBehaviour>always</OverwriteBehaviour>
      <ApplicationRelativeFilePath>../../UserManagementSystem/src/main/resources/application.properties</ApplicationRelativeFilePath>
      <ProjectRelativeFilePath>application.properties</ProjectRelativeFilePath>
      <IsIgnored>false</IsIgnored>
    </FileLog>
  </FileLogs>
</outputLog>